This is pdfeTeX, Version 3.141592-1.21a-2.2 (Web2C 7.5.4) (format=latex 2007.1.20)  21 JAN 2007 13:12
entering extended mode
**refman.tex
(./refman.tex
LaTeX2e <2003/12/01>
Babel <v3.8d> and hyphenation patterns for american, french, german, ngerman, b
ahasa, basque, bulgarian, catalan, croatian, czech, danish, dutch, esperanto, e
stonian, finnish, greek, icelandic, irish, italian, latin, magyar, norsk, polis
h, portuges, romanian, russian, serbian, slovak, slovene, spanish, swedish, tur
kish, ukrainian, nohyphenation, loaded.
(/usr/share/texmf-tetex/tex/latex/base/article.cls
Document Class: article 2004/02/16 v1.4f Standard LaTeX document class
(/usr/share/texmf-tetex/tex/latex/base/size10.clo
File: size10.clo 2004/02/16 v1.4f Standard LaTeX file (size option)
)
\c@part=\count79
\c@section=\count80
\c@subsection=\count81
\c@subsubsection=\count82
\c@paragraph=\count83
\c@subparagraph=\count84
\c@figure=\count85
\c@table=\count86
\abovecaptionskip=\skip41
\belowcaptionskip=\skip42
\bibindent=\dimen102
)
(/usr/share/texmf-tetex/tex/latex/base/makeidx.sty
Package: makeidx 2000/03/29 v1.0m Standard LaTeX package
)
(/usr/share/texmf-tetex/tex/latex/fancyhdr/fancyhdr.sty
\fancy@headwidth=\skip43
\f@ncyO@elh=\skip44
\f@ncyO@erh=\skip45
\f@ncyO@olh=\skip46
\f@ncyO@orh=\skip47
\f@ncyO@elf=\skip48
\f@ncyO@erf=\skip49
\f@ncyO@olf=\skip50
\f@ncyO@orf=\skip51
)
(/usr/share/texmf-tetex/tex/latex/graphics/graphicx.sty
Package: graphicx 1999/02/16 v1.0f Enhanced LaTeX Graphics (DPC,SPQR)

(/usr/share/texmf-tetex/tex/latex/graphics/keyval.sty
Package: keyval 1999/03/16 v1.13 key=value parser (DPC)
\KV@toks@=\toks14
)
(/usr/share/texmf-tetex/tex/latex/graphics/graphics.sty
Package: graphics 2001/07/07 v1.0n Standard LaTeX Graphics (DPC,SPQR)

(/usr/share/texmf-tetex/tex/latex/graphics/trig.sty
Package: trig 1999/03/16 v1.09 sin cos tan (DPC)
)
(/usr/share/texmf-tetex/tex/latex/graphics/graphics.cfg
File: graphics.cfg 2005/02/03 v1.3 graphics configuration of teTeX/TeXLive
)
Package graphics Info: Driver file: dvips.def on input line 80.

(/usr/share/texmf-tetex/tex/latex/graphics/dvips.def
File: dvips.def 1999/02/16 v3.0i Driver-dependant file (DPC,SPQR)
))
\Gin@req@height=\dimen103
\Gin@req@width=\dimen104
)
(/usr/share/texmf-tetex/tex/latex/tools/multicol.sty
Package: multicol 2004/02/14 v1.6e multicolumn formatting (FMi)
\c@tracingmulticols=\count87
\mult@box=\box26
\multicol@leftmargin=\dimen105
\c@unbalance=\count88
\c@collectmore=\count89
\doublecol@number=\count90
\multicoltolerance=\count91
\multicolpretolerance=\count92
\full@width=\dimen106
\page@free=\dimen107
\premulticols=\dimen108
\postmulticols=\dimen109
\multicolsep=\skip52
\multicolbaselineskip=\skip53
\partial@page=\box27
\last@line=\box28
\mult@rightbox=\box29
\mult@grightbox=\box30
\mult@gfirstbox=\box31
\mult@firstbox=\box32
\@tempa=\box33
\@tempa=\box34
\@tempa=\box35
\@tempa=\box36
\@tempa=\box37
\@tempa=\box38
\@tempa=\box39
\@tempa=\box40
\@tempa=\box41
\@tempa=\box42
\@tempa=\box43
\@tempa=\box44
\@tempa=\box45
\@tempa=\box46
\@tempa=\box47
\@tempa=\box48
\@tempa=\box49
\c@columnbadness=\count93
\c@finalcolumnbadness=\count94
\last@try=\dimen110
\multicolovershoot=\dimen111
\multicolundershoot=\dimen112
\mult@nat@firstbox=\box50
\colbreak@box=\box51
)
(/usr/share/texmf-tetex/tex/latex/float/float.sty
Package: float 2001/11/08 v1.3d Float enhancements (AL)
\c@float@type=\count95
\float@exts=\toks15
\float@box=\box52
\@float@everytoks=\toks16
\@floatcapt=\box53
)
(/usr/share/texmf-tetex/tex/latex/base/textcomp.sty
Package: textcomp 2004/02/22 v1.99f Standard LaTeX package
Package textcomp Info: Sub-encoding information:
(textcomp)               5 = only ISO-Adobe without \textcurrency
(textcomp)               4 = 5 + \texteuro
(textcomp)               3 = 4 + \textohm
(textcomp)               2 = 3 + \textestimated + \textcurrency
(textcomp)               1 = TS1 - \textcircled - \t
(textcomp)               0 = TS1 (full)
(textcomp)             Font families with sub-encoding setting implement
(textcomp)             only a restricted character set as indicated.
(textcomp)             Family '?' is the default used for unknown fonts.
(textcomp)             See the documentation for details.
Package textcomp Info: Setting ? sub-encoding to TS1/1 on input line 71.

(/usr/share/texmf-tetex/tex/latex/base/ts1enc.def
File: ts1enc.def 2001/06/05 v3.0e (jk/car/fm) Standard LaTeX file
)
LaTeX Info: Redefining \oldstylenums on input line 266.
Package textcomp Info: Setting cmr sub-encoding to TS1/0 on input line 281.
Package textcomp Info: Setting cmss sub-encoding to TS1/0 on input line 282.
Package textcomp Info: Setting cmtt sub-encoding to TS1/0 on input line 283.
Package textcomp Info: Setting cmvtt sub-encoding to TS1/0 on input line 284.
Package textcomp Info: Setting cmbr sub-encoding to TS1/0 on input line 285.
Package textcomp Info: Setting cmtl sub-encoding to TS1/0 on input line 286.
Package textcomp Info: Setting ccr sub-encoding to TS1/0 on input line 287.
Package textcomp Info: Setting ptm sub-encoding to TS1/4 on input line 288.
Package textcomp Info: Setting pcr sub-encoding to TS1/4 on input line 289.
Package textcomp Info: Setting phv sub-encoding to TS1/4 on input line 290.
Package textcomp Info: Setting ppl sub-encoding to TS1/3 on input line 291.
Package textcomp Info: Setting pag sub-encoding to TS1/4 on input line 292.
Package textcomp Info: Setting pbk sub-encoding to TS1/4 on input line 293.
Package textcomp Info: Setting pnc sub-encoding to TS1/4 on input line 294.
Package textcomp Info: Setting pzc sub-encoding to TS1/4 on input line 295.
Package textcomp Info: Setting bch sub-encoding to TS1/4 on input line 296.
Package textcomp Info: Setting put sub-encoding to TS1/5 on input line 297.
Package textcomp Info: Setting uag sub-encoding to TS1/5 on input line 298.
Package textcomp Info: Setting ugq sub-encoding to TS1/5 on input line 299.
Package textcomp Info: Setting ul8 sub-encoding to TS1/4 on input line 300.
Package textcomp Info: Setting ul9 sub-encoding to TS1/4 on input line 301.
Package textcomp Info: Setting augie sub-encoding to TS1/5 on input line 302.
Package textcomp Info: Setting dayrom sub-encoding to TS1/3 on input line 303.
Package textcomp Info: Setting dayroms sub-encoding to TS1/3 on input line 304.

Package textcomp Info: Setting pxr sub-encoding to TS1/0 on input line 305.
Package textcomp Info: Setting pxss sub-encoding to TS1/0 on input line 306.
Package textcomp Info: Setting pxtt sub-encoding to TS1/0 on input line 307.
Package textcomp Info: Setting txr sub-encoding to TS1/0 on input line 308.
Package textcomp Info: Setting txss sub-encoding to TS1/0 on input line 309.
Package textcomp Info: Setting txtt sub-encoding to TS1/0 on input line 310.
Package textcomp Info: Setting futs sub-encoding to TS1/4 on input line 311.
Package textcomp Info: Setting futx sub-encoding to TS1/4 on input line 312.
Package textcomp Info: Setting futj sub-encoding to TS1/4 on input line 313.
Package textcomp Info: Setting hlh sub-encoding to TS1/3 on input line 314.
Package textcomp Info: Setting hls sub-encoding to TS1/3 on input line 315.
Package textcomp Info: Setting hlst sub-encoding to TS1/3 on input line 316.
Package textcomp Info: Setting hlct sub-encoding to TS1/5 on input line 317.
Package textcomp Info: Setting hlx sub-encoding to TS1/5 on input line 318.
Package textcomp Info: Setting hlce sub-encoding to TS1/5 on input line 319.
Package textcomp Info: Setting hlcn sub-encoding to TS1/5 on input line 320.
Package textcomp Info: Setting hlcw sub-encoding to TS1/5 on input line 321.
Package textcomp Info: Setting hlcf sub-encoding to TS1/5 on input line 322.
Package textcomp Info: Setting pplx sub-encoding to TS1/3 on input line 323.
Package textcomp Info: Setting pplj sub-encoding to TS1/3 on input line 324.
Package textcomp Info: Setting ptmx sub-encoding to TS1/4 on input line 325.
Package textcomp Info: Setting ptmj sub-encoding to TS1/4 on input line 326.
)
(/usr/share/texmf-tetex/tex/latex/base/alltt.sty
Package: alltt 1997/06/16 v2.0g defines alltt environment
) (./doxygen.sty
Package: doxygen 

(/usr/share/texmf-tetex/tex/latex/tools/calc.sty
Package: calc 1998/07/07 v4.1b Infix arithmetic (KKT,FJ)
\calc@Acount=\count96
\calc@Bcount=\count97
\calc@Adimen=\dimen113
\calc@Bdimen=\dimen114
\calc@Askip=\skip54
\calc@Bskip=\skip55
LaTeX Info: Redefining \setlength on input line 59.
LaTeX Info: Redefining \addtolength on input line 60.
\calc@denominator=\count98
)
(/usr/share/texmf-tetex/tex/latex/tools/array.sty
Package: array 2003/12/17 v2.4a Tabular extension package (FMi)
\col@sep=\dimen115
\extrarowheight=\dimen116
\NC@list=\toks17
\extratabsurround=\skip56
\backup@length=\skip57
)
\tmplength=\skip58
)
(/usr/share/texmf-tetex/tex/latex/base/fontenc.sty
Package: fontenc 2004/02/22 v1.99f Standard LaTeX package

(/usr/share/texmf-tetex/tex/latex/base/t1enc.def
File: t1enc.def 2004/02/22 v1.99f Standard LaTeX file
LaTeX Font Info:    Redeclaring font encoding T1 on input line 43.
))
\@indexfile=\write3
\openout3 = `refman.idx'.


Writing index file refman.idx
(./refman.aux)
\openout1 = `refman.aux'.

LaTeX Font Info:    Checking defaults for OML/cmm/m/it on input line 13.
LaTeX Font Info:    ... okay on input line 13.
LaTeX Font Info:    Checking defaults for T1/cmr/m/n on input line 13.
LaTeX Font Info:    ... okay on input line 13.
LaTeX Font Info:    Checking defaults for OT1/cmr/m/n on input line 13.
LaTeX Font Info:    ... okay on input line 13.
LaTeX Font Info:    Checking defaults for OMS/cmsy/m/n on input line 13.
LaTeX Font Info:    ... okay on input line 13.
LaTeX Font Info:    Checking defaults for OMX/cmex/m/n on input line 13.
LaTeX Font Info:    ... okay on input line 13.
LaTeX Font Info:    Checking defaults for U/cmr/m/n on input line 13.
LaTeX Font Info:    ... okay on input line 13.
LaTeX Font Info:    Checking defaults for TS1/cmr/m/n on input line 13.
LaTeX Font Info:    Try loading font information for TS1+cmr on input line 13.
 (/usr/share/texmf-tetex/tex/latex/base/ts1cmr.fd
File: ts1cmr.fd 1999/05/25 v2.5h Standard LaTeX font definitions
)
LaTeX Font Info:    ... okay on input line 13.
 [1

]
(./refman.toc)
\tf@toc=\write4
\openout4 = `refman.toc'.

 (./index.tex
LaTeX Font Info:    Try loading font information for T1+cmtt on input line 9.
 (/usr/share/texmf-tetex/tex/latex/base/t1cmtt.fd
File: t1cmtt.fd 1999/05/25 v2.5h Standard LaTeX font definitions
)
File: purple.eps Graphic file (type eps)

<purple.eps> [1] [2] [3]
LaTeX Font Info:    External font `cmex10' loaded for size
(Font)              <7> on input line 86.
LaTeX Font Info:    External font `cmex10' loaded for size
(Font)              <5> on input line 86.

Overfull \hbox (46.24565pt too wide) in paragraph at lines 86--90
 \T1/cmr/bx/n/10 Header [] 
 []


Overfull \hbox (86.16646pt too wide) in paragraph at lines 95--99
 \T1/cmr/bx/n/10 Com-mand data [] 
 []


Overfull \hbox (73.78337pt too wide) in paragraph at lines 104--108
 \T1/cmr/bx/n/10 Sta-tus words [] 
 []

[4]
Overfull \hbox (46.24565pt too wide) in paragraph at lines 172--176
 \T1/cmr/bx/n/10 Header [] 
 []

[5]
Overfull \hbox (86.16646pt too wide) in paragraph at lines 181--185
 \T1/cmr/bx/n/10 Com-mand data [] 
 []


Overfull \hbox (73.78337pt too wide) in paragraph at lines 190--196
 \T1/cmr/bx/n/10 Sta-tus words [] 
 []


Overfull \hbox (46.24565pt too wide) in paragraph at lines 211--215
 \T1/cmr/bx/n/10 Header [] 
 []


Overfull \hbox (81.66339pt too wide) in paragraph at lines 220--224
 \T1/cmr/bx/n/10 Re-sponse data [] 
 []


Overfull \hbox (73.78337pt too wide) in paragraph at lines 229--233
 \T1/cmr/bx/n/10 Sta-tus words [] 
 []

[6]
Overfull \hbox (46.24565pt too wide) in paragraph at lines 246--250
 \T1/cmr/bx/n/10 Header [] 
 []


Overfull \hbox (73.78337pt too wide) in paragraph at lines 255--259
 \T1/cmr/bx/n/10 Sta-tus words [] 
 []


Overfull \hbox (46.24565pt too wide) in paragraph at lines 278--282
 \T1/cmr/bx/n/10 Header [] 
 []


Overfull \hbox (86.16646pt too wide) in paragraph at lines 287--292
 \T1/cmr/bx/n/10 Com-mand data [] 
 []


Overfull \hbox (73.78337pt too wide) in paragraph at lines 297--306
 \T1/cmr/bx/n/10 Sta-tus words [] 
 []

[7]
Overfull \hbox (46.24565pt too wide) in paragraph at lines 321--325
 \T1/cmr/bx/n/10 Header [] 
 []


Overfull \hbox (86.16646pt too wide) in paragraph at lines 330--337
 \T1/cmr/bx/n/10 Com-mand data [] 
 []


Overfull \hbox (73.78337pt too wide) in paragraph at lines 342--353
 \T1/cmr/bx/n/10 Sta-tus words [] 
 []

[8]
Overfull \hbox (46.24565pt too wide) in paragraph at lines 388--392
 \T1/cmr/bx/n/10 Header [] 
 []


Overfull \hbox (86.16646pt too wide) in paragraph at lines 397--401
 \T1/cmr/bx/n/10 Com-mand data [] 
 []


Overfull \hbox (73.78337pt too wide) in paragraph at lines 406--415
 \T1/cmr/bx/n/10 Sta-tus words [] 
 []


Overfull \hbox (46.24565pt too wide) in paragraph at lines 428--432
 \T1/cmr/bx/n/10 Header [] 
 []


Overfull \hbox (86.16646pt too wide) in paragraph at lines 437--441
 \T1/cmr/bx/n/10 Com-mand data [] 
 []


Overfull \hbox (73.78337pt too wide) in paragraph at lines 446--456
 \T1/cmr/bx/n/10 Sta-tus words [] 
 []

[9]
Overfull \hbox (46.24565pt too wide) in paragraph at lines 469--473
 \T1/cmr/bx/n/10 Header [] 
 []


Overfull \hbox (81.66339pt too wide) in paragraph at lines 478--482
 \T1/cmr/bx/n/10 Re-sponse data [] 
 []


Overfull \hbox (73.78337pt too wide) in paragraph at lines 487--493
 \T1/cmr/bx/n/10 Sta-tus words [] 
 []


Overfull \hbox (46.24565pt too wide) in paragraph at lines 506--510
 \T1/cmr/bx/n/10 Header [] 
 []


Underfull \hbox (badness 10000) in paragraph at lines 515--519
 \T1/cmr/bx/n/10 Re-sponse data af-ter In-ter-nal Au-then-ti-cate
 []

[10]
Overfull \hbox (140.05191pt too wide) in paragraph at lines 524--531
 \T1/cmr/bx/n/10 Re-sponse data af-ter Se-lect [] 
 []


Overfull \hbox (73.78337pt too wide) in paragraph at lines 536--543
 \T1/cmr/bx/n/10 Sta-tus words [] 
 []


Overfull \hbox (46.24565pt too wide) in paragraph at lines 554--558
 \T1/cmr/bx/n/10 Header [] 
 []


Overfull \hbox (86.16646pt too wide) in paragraph at lines 565--569
 \T1/cmr/bx/n/10 Com-mand data [] 
 []


Overfull \hbox (73.78337pt too wide) in paragraph at lines 574--582
 \T1/cmr/bx/n/10 Sta-tus words [] 
 []

[11]
Overfull \hbox (46.24565pt too wide) in paragraph at lines 595--599
 \T1/cmr/bx/n/10 Header [] 
 []


Overfull \hbox (81.66339pt too wide) in paragraph at lines 604--608
 \T1/cmr/bx/n/10 Re-sponse data [] 
 []


Overfull \hbox (73.78337pt too wide) in paragraph at lines 613--622
 \T1/cmr/bx/n/10 Sta-tus words [] 
 []


Overfull \hbox (46.24565pt too wide) in paragraph at lines 633--637
 \T1/cmr/bx/n/10 Header [] 
 []


Overfull \hbox (86.16646pt too wide) in paragraph at lines 642--646
 \T1/cmr/bx/n/10 Com-mand data [] 
 []


Overfull \hbox (73.78337pt too wide) in paragraph at lines 651--658
 \T1/cmr/bx/n/10 Sta-tus words [] 
 []

[12]
Overfull \hbox (46.24565pt too wide) in paragraph at lines 675--679
 \T1/cmr/bx/n/10 Header [] 
 []


Overfull \hbox (86.16646pt too wide) in paragraph at lines 684--689
 \T1/cmr/bx/n/10 Com-mand data [] 
 []


Overfull \hbox (73.78337pt too wide) in paragraph at lines 694--703
 \T1/cmr/bx/n/10 Sta-tus words [] 
 []


Overfull \hbox (46.24565pt too wide) in paragraph at lines 718--722
 \T1/cmr/bx/n/10 Header [] 
 []


Overfull \hbox (86.16646pt too wide) in paragraph at lines 727--731
 \T1/cmr/bx/n/10 Com-mand data [] 
 []


Overfull \hbox (73.78337pt too wide) in paragraph at lines 736--747
 \T1/cmr/bx/n/10 Sta-tus words [] 
 []

[13]
Overfull \hbox (46.24565pt too wide) in paragraph at lines 760--764
 \T1/cmr/bx/n/10 Header [] 
 []


Overfull \hbox (86.16646pt too wide) in paragraph at lines 769--773
 \T1/cmr/bx/n/10 Com-mand data [] 
 []


Overfull \hbox (73.78337pt too wide) in paragraph at lines 778--787
 \T1/cmr/bx/n/10 Sta-tus words [] 
 []


Overfull \hbox (46.24565pt too wide) in paragraph at lines 800--804
 \T1/cmr/bx/n/10 Header [] 
 []


Overfull \hbox (86.16646pt too wide) in paragraph at lines 809--813
 \T1/cmr/bx/n/10 Com-mand data [] 
 []

[14]
Overfull \hbox (73.78337pt too wide) in paragraph at lines 818--827
 \T1/cmr/bx/n/10 Sta-tus words [] 
 []

) (./annotated.tex [15]) (./files.tex [16]) (./pages.tex) (./structs__finfo.tex
[17]
LaTeX Font Info:    External font `cmex10' loaded for size
(Font)              <9> on input line 16.
LaTeX Font Info:    External font `cmex10' loaded for size
(Font)              <6> on input line 16.
) (./structs__fpath.tex [18]) (./structs__fstream.tex [19]) (./auth_8c.tex
[20] [21] [22] [23] [24]) (./auth_8h.tex [25] [26] [27] [28] [29] [30] [31])
(./authtest_8c.tex [32]) (./commands_8c.tex [33] [34] [35] [36])
(./commands_8h.tex [37] [38] [39] [40] [41]) (./config_8h.tex [42] [43]
Underfull \hbox (badness 10000) in paragraph at lines 56--57
[]\T1/cmr/m/n/10 #define \T1/cmr/bx/n/10 TRANSAC_-STATE_-ADDR \T1/cmr/m/n/10 (R
AND_-STATE_-
 []


Underfull \hbox (badness 10000) in paragraph at lines 58--59
[]\T1/cmr/m/n/10 #define \T1/cmr/bx/n/10 TRANSAC_-DATA_-ADDR \T1/cmr/m/n/10 (TR
ANSAC_-STATE_-
 []

[44] [45] [46] [47]
Underfull \hbox (badness 10000) in paragraph at lines 265--266
 \T1/cmr/bx/n/10 6.6.2.24 #de-fine DATA_-END_-1 (TRANSAC_-DATA_-
 []


Underfull \hbox (badness 10000) in paragraph at lines 328--329
 \T1/cmr/bx/n/10 6.6.2.33 #de-fine RAND_-STATE_-ADDR (SERNUM_-
 []

[48]
Underfull \hbox (badness 10000) in paragraph at lines 342--343
 \T1/cmr/bx/n/10 6.6.2.35 #de-fine SERNUM_-ADDR (ATR_-ADDR+ATR_-
 []


Underfull \hbox (badness 10000) in paragraph at lines 356--357
 \T1/cmr/bx/n/10 6.6.2.37 #de-fine TRANSAC_-DATA_-ADDR (TRANSAC_-
 []

) (./crypt_8h.tex [49] [50]) (./ctapi_8c.tex [51] [52] [53]) (./ctapi_8h.tex
[54] [55] [56] [57]) (./fs_8c.tex [58] [59] [60] [61] [62]) (./fs_8h.tex
[63] [64] [65] [66] [67]) (./fstest_8c.tex [68]) (./fstream_8c.tex [69]
[70]) (./fstream_8h.tex [71] [72]) (./hal-emu_8c.tex [73] [74] [75])
(./hal_8c.tex [76] [77] [78]) (./hal_8h.tex [79] [80] [81] [82] [83])
(./log_8c.tex) (./log_8h.tex [84] [85]) (./main_8c.tex [86]) (./main_8h.tex)
(./newdes-sk_8c.tex) (./newdes-sk_8h.tex [87] [88]) (./skipjack_8c.tex)
(./skipjack_8h.tex [89]
Underfull \hbox (badness 10000) in paragraph at lines 25--26
[]\T1/cmr/m/n/10 Documentation for Skip-jack is avail-able at
 []

) (./sw_8c.tex [90]) (./sw_8h.tex [91]
Underfull \hbox (badness 1661) in paragraph at lines 10--14
[]\T1/cmr/bx/n/10 SW_-ACCESS_-DENIED \T1/cmr/m/n/10 = 0x6982, \T1/cmr/bx/n/10 S
W_-AUTH_-BLOCKED
 []


Underfull \hbox (badness 6445) in paragraph at lines 10--14
\T1/cmr/m/n/10 = 0x6983, \T1/cmr/bx/n/10 SW_-AVAILABLE \T1/cmr/m/n/10 = 0x6100,
 \T1/cmr/bx/n/10 SW_-CHANGE_-
 []


Underfull \hbox (badness 2057) in paragraph at lines 30--34
[]\T1/cmr/bx/n/10 SW_-REF_-DATA_-INVALID \T1/cmr/m/n/10 = 0x6984, \T1/cmr/bx/n/
10 SW_-REF_-DATA_-
 []


Underfull \hbox (badness 1681) in paragraph at lines 30--34
\T1/cmr/bx/n/10 NOT_-FOUND \T1/cmr/m/n/10 = 0x6A88, \T1/cmr/bx/n/10 SW_-VERIFCA
TION_-FAILED \T1/cmr/m/n/10 =
 []

[92] [93]) (./t0_8c.tex [94] [95]) (./t0_8h.tex [96] [97] [98]) (./tea_8c.tex
[99]) (./tea_8h.tex [100]
Overfull \hbox (63.70465pt too wide) in paragraph at lines 29--30
[]\T1/cmr/m/n/10 Documentation for TEA is avail-able at \T1/cmtt/m/n/10 http://
www.cl.cam.ac.uk/ftp/users/djw3/tea.ps. 
 []

[101]) (./tools_8c.tex) (./tools_8h.tex [102]
Overfull \hbox (148.76166pt too wide) in paragraph at lines 12--13
[]\T1/cmr/m/n/10 #define \T1/cmr/bx/n/10 swap_-ul\T1/cmr/m/n/10 (ul) (((ul&0x00
0000FF)$\OML/cmm/m/it/10 <$$<$\T1/cmr/m/n/10 24)$\OMS/cmsy/m/n/10 j$\T1/cmr/m/n
/10 ((ul&0x0000FF00)$\OML/cmm/m/it/10 <$$<$\T1/cmr/m/n/10 8)$\OMS/cmsy/m/n/10 j
$\T1/cmr/m/n/10 ((ul&0x00FF0000)$\OML/cmm/m/it/10 >$$>$\T1/cmr/m/n/10 8)$\OMS/c
msy/m/n/10 j$\T1/cmr/m/n/10 ((ul&0x-
 []


Overfull \hbox (227.88898pt too wide) in paragraph at lines 61--62
 \T1/cmr/bx/n/10 6.33.2.5 #de-fine swap_-ul(ul) (((ul&0x000000FF)$\OML/cmm/m/it
/10 <$$<$\T1/cmr/bx/n/10 24)$\OMS/cmsy/m/n/10 j$\T1/cmr/bx/n/10 ((ul&0x0000FF00
)$\OML/cmm/m/it/10 <$$<$\T1/cmr/bx/n/10 8)$\OMS/cmsy/m/n/10 j$\T1/cmr/bx/n/10 (
(ul&0x00FF0000)$\OML/cmm/m/it/10 >$$>$\T1/cmr/bx/n/10 8)$\OMS/cmsy/m/n/10 j$\T1
/cmr/bx/n/10 ((ul&0x-
 []

[103]
Underfull \hbox (badness 10000) in paragraph at lines 68--69
 \T1/cmr/bx/n/10 6.33.2.6 #de-fine swap_-us(us) (((us&0x00FF)$\OML/cmm/m/it/10 
<$$<$\T1/cmr/bx/n/10 8)$\OMS/cmsy/m/n/10 j$\T1/cmr/bx/n/10 ((us&0x-
 []

) (./transaction_8c.tex [104]) (./transaction_8h.tex [105] [106] [107])
(./types_8h.tex [108]) (./todo.tex) (./refman.ind [109]
Underfull \hbox (badness 10000) in paragraph at lines 21--22
[]| \T1/cmr/m/n/10 auth_-createVerifyCryptogram,
 []


Underfull \hbox (badness 10000) in paragraph at lines 38--39
[]| \T1/cmr/m/n/10 auth_-createVerifyCryptogram,
 []

[110

] [111]
Underfull \hbox (badness 10000) in paragraph at lines 264--265
[]| \T1/cmr/m/n/10 CONF_-WITH_-CREATECMD,
 []


Underfull \hbox (badness 10000) in paragraph at lines 265--266
[]| \T1/cmr/m/n/10 CONF_-WITH_-CRYPT_-
 []


Underfull \hbox (badness 10000) in paragraph at lines 267--268
[]| \T1/cmr/m/n/10 CONF_-WITH_-DELETECMD,
 []


Underfull \hbox (badness 10000) in paragraph at lines 268--269
[]| \T1/cmr/m/n/10 CONF_-WITH_-FILESYSTEM,
 []


Underfull \hbox (badness 10000) in paragraph at lines 270--271
[]| \T1/cmr/m/n/10 CONF_-WITH_-I2CEEPROM,
 []


Underfull \hbox (badness 10000) in paragraph at lines 276--277
[]| \T1/cmr/m/n/10 CONF_-WITH_-
 []


Underfull \hbox (badness 10000) in paragraph at lines 278--279
[]| \T1/cmr/m/n/10 CONF_-WITH_-
 []

[112]
Underfull \hbox (badness 10000) in paragraph at lines 297--298
[]| \T1/cmr/m/n/10 CRYPT_-ALGO_-NEWDESSK,
 []

[113]
Underfull \hbox (badness 10000) in paragraph at lines 400--401
[]| \T1/cmr/m/n/10 CTAPI_-INS_-REQUEST_-ICC,
 []


Underfull \hbox (badness 10000) in paragraph at lines 406--407
[]| \T1/cmr/m/n/10 CTAPI_-RV_-ERR_-INVALID,
 []


Underfull \hbox (badness 10000) in paragraph at lines 407--408
[]| \T1/cmr/m/n/10 CTAPI_-RV_-ERR_-MEMORY,
 []

[114] [115] [116]
Underfull \hbox (badness 10000) in paragraph at lines 731--732
[]| \T1/cmr/m/n/10 LOG_-TAG_-EEWRITE_-DST,
 []


Underfull \hbox (badness 10000) in paragraph at lines 732--733
[]| \T1/cmr/m/n/10 LOG_-TAG_-EEWRITE_-LEN,
 []


Underfull \hbox (badness 10000) in paragraph at lines 733--734
[]| \T1/cmr/m/n/10 LOG_-TAG_-EEWRITE_-SRC,
 []

[117]
Underfull \hbox (badness 10000) in paragraph at lines 909--910
[]| \T1/cmr/m/n/10 SW_-CHANGE_-MEMORY_-
 []

[118]
Underfull \hbox (badness 10000) in paragraph at lines 916--917
[]| \T1/cmr/m/n/10 SW_-INCOMPATIBLE_-FILE,
 []


Underfull \hbox (badness 10000) in paragraph at lines 917--918
[]| \T1/cmr/m/n/10 SW_-LC_-INCONSISTEND_-
 []


Underfull \hbox (badness 10000) in paragraph at lines 923--924
[]| \T1/cmr/m/n/10 SW_-REF_-DATA_-NOT_-
 []


Underfull \hbox (badness 10000) in paragraph at lines 925--926
[]| \T1/cmr/m/n/10 SW_-VERIFCATION_-FAILED,
 []


Underfull \hbox (badness 10000) in paragraph at lines 933--934
[]| \T1/cmr/m/n/10 SW_-WRONG_-REFERENCE,
 []


Underfull \hbox (badness 10000) in paragraph at lines 956--957
[]\T1/cmr/m/n/10 SW_-LC_-INCONSISTEND_-
 []

[119]
Underfull \hbox (badness 10000) in paragraph at lines 1097--1098
[]| \T1/cmr/m/n/10 TRANSAC_-STATE_-CLEAN,
 []

[120] [121

]) (./refman.aux) ) 
Here is how much of TeX's memory you used:
 2214 strings out of 94501
 39943 string characters out of 1175794
 77462 words of memory out of 1000000
 5247 multiletter control sequences out of 10000+50000
 15128 words of font info for 34 fonts, out of 500000 for 2000
 580 hyphenation exceptions out of 8191
 28i,11n,43p,678b,402s stack positions out of 1500i,500n,5000p,200000b,5000s

Output written on refman.dvi (122 pages, 249756 bytes).
